[2024-10-20 12:43:25,288: INFO: main: >>> Stage Data Ingestion Stage Started<<<]
[2024-10-20 12:43:25,288: INFO: common: yaml file: config\config.yaml loaded successfully]
[2024-10-20 12:43:25,288: INFO: common: created directory at: data\raw]
[2024-10-20 12:43:27,736: INFO: data_ingestion: Raw data saved to data\raw\IBM_stock_data.csv]
[2024-10-20 12:43:27,736: INFO: main: >>> Stage Data Ingestion Stage Completed<<<]
[2024-10-20 12:43:55,089: INFO: main: >>> Stage Data Ingestion Stage Started<<<]
[2024-10-20 12:43:55,118: INFO: common: yaml file: config\config.yaml loaded successfully]
[2024-10-20 12:43:55,118: INFO: common: created directory at: data\raw]
[2024-10-20 12:43:56,158: INFO: data_ingestion: Raw data saved to data\raw\IBM_stock_data.csv]
[2024-10-20 12:43:56,158: INFO: main: >>> Stage Data Ingestion Stage Completed<<<]
[2024-11-10 22:12:21,450: INFO: main: >>> Stage Data Ingestion Stage Started<<<]
[2024-11-10 22:12:21,466: INFO: common: yaml file: config\config.yaml loaded successfully]
[2024-11-10 22:12:21,466: INFO: common: created directory at: data\raw]
[2024-11-10 22:12:27,885: ERROR: data_ingestion: Time Series data not found in response]
[2024-11-10 22:12:27,885: INFO: main: >>> Stage Data Ingestion Stage Completed<<<]
[2024-11-10 22:12:27,885: INFO: main: >>> Stage Data Preprocessing Stage Started<<<]
[2024-11-10 22:12:27,885: INFO: common: yaml file: config\config.yaml loaded successfully]
[2024-11-10 22:12:27,885: INFO: common: created directory at: data\processed\preprocessed_stock_data.csv]
[2024-11-10 22:12:27,900: ERROR: data_preprocessing: Error loading data: [Errno 2] No such file or directory: 'data\\raw\\stock_data.csv']
[2024-11-10 22:12:27,900: INFO: main: >>> Stage Data Preprocessing Stage Completed<<<]
[2024-11-18 16:44:30,074: INFO: main: >>> Stage Data Ingestion Stage Started<<<]
[2024-11-18 16:44:30,074: INFO: common: yaml file: config\config.yaml loaded successfully]
[2024-11-18 16:44:30,074: INFO: common: created directory at: data\raw]
[2024-11-18 16:44:31,338: ERROR: data_ingestion: Time Series data not found in response]
[2024-11-18 16:44:31,338: INFO: main: >>> Stage Data Ingestion Stage Completed<<<]
[2024-11-18 16:44:31,338: INFO: main: >>> Stage Data Preprocessing Stage Started<<<]
[2024-11-18 16:44:31,338: INFO: common: yaml file: config\config.yaml loaded successfully]
[2024-11-18 16:44:31,338: INFO: common: created directory at: data\processed\preprocessed_stock_data.csv]
[2024-11-18 16:44:31,338: ERROR: data_preprocessing: Error loading data: [Errno 2] No such file or directory: 'data\\raw\\stock_data.csv']
[2024-11-18 16:44:31,338: INFO: main: >>> Stage Data Preprocessing Stage Completed<<<]
[2024-11-18 16:52:59,994: INFO: main: >>> Stage Data Ingestion Stage Started<<<]
[2024-11-18 16:52:59,994: INFO: common: yaml file: config\config.yaml loaded successfully]
[2024-11-18 16:52:59,994: INFO: common: created directory at: data\raw]
[2024-11-18 16:53:00,572: ERROR: data_ingestion: Time Series data not found in response]
[2024-11-18 16:53:00,572: INFO: main: >>> Stage Data Ingestion Stage Completed<<<]
[2024-11-18 16:53:00,572: INFO: main: >>> Stage Data Preprocessing Stage Started<<<]
[2024-11-18 16:53:00,572: INFO: common: yaml file: config\config.yaml loaded successfully]
[2024-11-18 16:53:00,587: INFO: common: created directory at: data\processed\preprocessed_stock_data.csv]
[2024-11-18 16:53:00,587: INFO: data_preprocessing: Data loaded from data\raw\IBM_stock_data.csv]
[2024-11-18 17:02:10,324: INFO: main: >>> Stage Data Ingestion Stage Started<<<]
[2024-11-18 17:02:10,324: INFO: common: yaml file: config\config.yaml loaded successfully]
[2024-11-18 17:02:10,324: INFO: common: created directory at: data\raw]
[2024-11-18 17:02:11,024: ERROR: data_ingestion: Time Series data not found in response]
[2024-11-18 17:02:11,024: INFO: main: >>> Stage Data Ingestion Stage Completed<<<]
[2024-11-18 17:02:11,024: INFO: main: >>> Stage Data Preprocessing Stage Started<<<]
[2024-11-18 17:02:11,039: INFO: common: yaml file: config\config.yaml loaded successfully]
[2024-11-18 17:02:11,039: INFO: common: created directory at: data\processed\preprocessed_stock_data.csv]
[2024-11-18 17:02:11,055: INFO: data_preprocessing: Data loaded from data\raw\IBM_stock_data.csv]
[2024-11-18 17:02:54,463: INFO: main: >>> Stage Data Ingestion Stage Started<<<]
[2024-11-18 17:02:54,463: INFO: common: yaml file: config\config.yaml loaded successfully]
[2024-11-18 17:02:54,463: INFO: common: created directory at: data\raw]
[2024-11-18 17:02:55,057: ERROR: data_ingestion: Time Series data not found in response]
[2024-11-18 17:02:55,057: INFO: main: >>> Stage Data Ingestion Stage Completed<<<]
[2024-11-18 17:02:55,057: INFO: main: >>> Stage Data Preprocessing Stage Started<<<]
[2024-11-18 17:02:55,057: INFO: common: yaml file: config\config.yaml loaded successfully]
[2024-11-18 17:02:55,057: INFO: common: created directory at: data\processed\preprocessed_stock_data.csv]
[2024-11-18 17:02:55,057: INFO: data_preprocessing: Data loaded from data\raw\IBM_stock_data.csv]
[2024-11-18 17:02:55,057: ERROR: data_preprocessing: Error handling missing values: 'DataPreprocessingConfig' object has no attribute 'missing_values_strategy']
[2024-11-18 17:02:55,057: ERROR: data_preprocessing: Error applying transformations: 'NoneType' object is not subscriptable]
[2024-11-18 17:02:55,057: INFO: main: >>> Stage Data Preprocessing Stage Completed<<<]
[2024-11-18 17:04:19,318: INFO: main: >>> Stage Data Ingestion Stage Started<<<]
[2024-11-18 17:04:19,333: INFO: common: yaml file: config\config.yaml loaded successfully]
[2024-11-18 17:04:19,333: INFO: common: created directory at: data\raw]
[2024-11-18 17:04:19,880: ERROR: data_ingestion: Time Series data not found in response]
[2024-11-18 17:04:19,880: INFO: main: >>> Stage Data Ingestion Stage Completed<<<]
[2024-11-18 17:04:19,880: INFO: main: >>> Stage Data Preprocessing Stage Started<<<]
[2024-11-18 17:04:19,880: INFO: common: yaml file: config\config.yaml loaded successfully]
[2024-11-18 17:04:19,880: INFO: common: created directory at: data\processed\preprocessed_stock_data.csv]
[2024-11-18 17:04:19,880: INFO: data_preprocessing: Data loaded from data\raw\IBM_stock_data.csv]
[2024-11-18 17:04:19,880: ERROR: data_preprocessing: Error handling missing values: 'DataPreprocessingConfig' object has no attribute 'missing_values_strategy']
[2024-11-18 17:04:19,880: ERROR: data_preprocessing: Error applying transformations: 'NoneType' object is not subscriptable]
[2024-11-18 17:04:19,880: INFO: main: >>> Stage Data Preprocessing Stage Completed<<<]
[2024-11-18 17:06:47,043: INFO: main: >>> Stage Data Ingestion Stage Started<<<]
[2024-11-18 17:06:47,059: INFO: common: yaml file: config\config.yaml loaded successfully]
[2024-11-18 17:06:47,059: INFO: common: created directory at: data\raw]
[2024-11-18 17:06:52,043: ERROR: data_ingestion: Time Series data not found in response]
[2024-11-18 17:06:52,043: INFO: main: >>> Stage Data Ingestion Stage Completed<<<]
[2024-11-18 17:06:52,043: INFO: main: >>> Stage Data Preprocessing Stage Started<<<]
[2024-11-18 17:06:52,043: INFO: common: yaml file: config\config.yaml loaded successfully]
[2024-11-18 17:10:43,957: INFO: main: >>> Stage Data Ingestion Stage Started<<<]
[2024-11-18 17:10:43,957: INFO: common: yaml file: config\config.yaml loaded successfully]
[2024-11-18 17:10:43,957: INFO: common: created directory at: data\raw]
[2024-11-18 17:10:45,785: ERROR: data_ingestion: Time Series data not found in response]
[2024-11-18 17:10:45,785: INFO: main: >>> Stage Data Ingestion Stage Completed<<<]
[2024-11-18 17:10:45,785: INFO: main: >>> Stage Data Preprocessing Stage Started<<<]
[2024-11-18 17:10:45,785: INFO: common: yaml file: config\config.yaml loaded successfully]
[2024-11-18 17:10:45,785: INFO: common: created directory at: data\processed\preprocessed_stock_data.csv]
[2024-11-18 17:10:45,785: INFO: data_preprocessing: Data loaded from data\raw\IBM_stock_data.csv]
[2024-11-18 17:10:45,800: ERROR: data_preprocessing: Error handling missing values: Could not convert ['2024-10-18 19:59:002024-10-18 19:56:002024-10-18 19:54:002024-10-18 19:50:002024-10-18 19:46:002024-10-18 19:45:002024-10-18 19:43:002024-10-18 19:33:002024-10-18 19:32:002024-10-18 19:14:002024-10-18 19:12:002024-10-18 19:07:002024-10-18 19:04:002024-10-18 19:00:002024-10-18 18:57:002024-10-18 18:56:002024-10-18 18:46:002024-10-18 18:45:002024-10-18 18:33:002024-10-18 18:30:002024-10-18 18:28:002024-10-18 18:17:002024-10-18 18:16:002024-10-18 18:15:002024-10-18 18:09:002024-10-18 17:59:002024-10-18 17:50:002024-10-18 17:49:002024-10-18 17:27:002024-10-18 17:26:002024-10-18 17:25:002024-10-18 17:20:002024-10-18 17:18:002024-10-18 17:17:002024-10-18 17:16:002024-10-18 17:12:002024-10-18 17:00:002024-10-18 16:59:002024-10-18 16:58:002024-10-18 16:55:002024-10-18 16:54:002024-10-18 16:53:002024-10-18 16:50:002024-10-18 16:48:002024-10-18 16:47:002024-10-18 16:46:002024-10-18 16:44:002024-10-18 16:40:002024-10-18 16:39:002024-10-18 16:36:002024-10-18 16:34:002024-10-18 16:33:002024-10-18 16:31:002024-10-18 16:30:002024-10-18 16:27:002024-10-18 16:23:002024-10-18 16:21:002024-10-18 16:20:002024-10-18 16:19:002024-10-18 16:18:002024-10-18 16:17:002024-10-18 16:16:002024-10-18 16:15:002024-10-18 16:14:002024-10-18 16:13:002024-10-18 16:12:002024-10-18 16:10:002024-10-18 16:09:002024-10-18 16:06:002024-10-18 16:05:002024-10-18 16:04:002024-10-18 16:03:002024-10-18 16:02:002024-10-18 16:01:002024-10-18 16:00:002024-10-18 15:59:002024-10-18 15:58:002024-10-18 15:57:002024-10-18 15:56:002024-10-18 15:55:002024-10-18 15:54:002024-10-18 15:53:002024-10-18 15:52:002024-10-18 15:51:002024-10-18 15:50:002024-10-18 15:49:002024-10-18 15:48:002024-10-18 15:47:002024-10-18 15:46:002024-10-18 15:45:002024-10-18 15:44:002024-10-18 15:43:002024-10-18 15:42:002024-10-18 15:41:002024-10-18 15:40:002024-10-18 15:39:002024-10-18 15:38:002024-10-18 15:37:002024-10-18 15:36:002024-10-18 15:35:00'] to numeric]
[2024-11-18 17:10:45,800: ERROR: data_preprocessing: Error applying transformations: 'NoneType' object is not subscriptable]
[2024-11-18 17:10:45,800: INFO: main: >>> Stage Data Preprocessing Stage Completed<<<]
[2024-11-18 17:21:45,414: INFO: main: >>> Stage Data Ingestion Stage Started<<<]
[2024-11-18 17:21:45,430: INFO: common: yaml file: config\config.yaml loaded successfully]
[2024-11-18 17:21:45,430: INFO: common: created directory at: data\raw]
[2024-11-18 17:21:57,118: ERROR: data_ingestion: Time Series data not found in response]
[2024-11-18 17:21:57,118: INFO: main: >>> Stage Data Ingestion Stage Completed<<<]
[2024-11-18 17:21:57,118: INFO: main: >>> Stage Data Preprocessing Stage Started<<<]
[2024-11-18 17:21:57,118: INFO: common: yaml file: config\config.yaml loaded successfully]
[2024-11-18 17:22:23,069: INFO: main: >>> Stage Data Ingestion Stage Started<<<]
[2024-11-18 17:22:23,069: INFO: common: yaml file: config\config.yaml loaded successfully]
[2024-11-18 17:22:23,069: INFO: common: created directory at: data\raw]
[2024-11-18 17:22:32,852: ERROR: data_ingestion: Time Series data not found in response]
[2024-11-18 17:22:32,852: INFO: main: >>> Stage Data Ingestion Stage Completed<<<]
[2024-11-18 17:22:32,852: INFO: main: >>> Stage Data Preprocessing Stage Started<<<]
[2024-11-18 17:22:32,852: INFO: common: yaml file: config\config.yaml loaded successfully]
[2024-11-18 17:22:32,867: INFO: common: created directory at: data\processed\preprocessed_stock_data.csv]
[2024-11-18 17:22:32,883: INFO: data_preprocessing: Data loaded from data\raw\IBM_stock_data.csv]
[2024-11-18 17:22:32,883: INFO: data_preprocessing: Applied transformations to data]
[2024-11-18 17:22:32,898: INFO: data_preprocessing: Processed data saved to data\processed\preprocessed_stock_data.csv\processed_stock_data.csv]
[2024-11-18 17:22:32,898: INFO: main: >>> Stage Data Preprocessing Stage Completed<<<]
